<?xml version="1.0" encoding="UTF-8"?>
<!-- Generated by org.testng.reporters.JUnitReportReporter -->
<testsuite skipped="0" hostname="DESKTOP-6AAMTQ7" name="rahulshettyacademy.RESTAPITest" tests="2" failures="0" timestamp="2022-01-18T23:59:00 IST" time="0.013" errors="0">
  <testcase name="deleteTwitter" time="0.000" classname="rahulshettyacademy.RESTAPITest"/>
  <system-out/>
  <testcase name="postJira" time="0.013" classname="rahulshettyacademy.RESTAPITest"/>
  <system-out/>
</testsuite> <!-- rahulshettyacademy.RESTAPITest -->
