<?xml version="1.0" encoding="UTF-8"?>
<!-- Generated by org.testng.reporters.JUnitReportReporter -->
<testsuite skipped="0" hostname="DESKTOP-6AAMTQ7" name="rahulshettyacademy.AppiumTest" tests="2" failures="0" timestamp="2022-01-18T23:58:14 IST" time="0.003" errors="0">
  <testcase name="IOSApps" time="0.001" classname="rahulshettyacademy.AppiumTest"/>
  <system-out/>
  <testcase name="nativeAndroidApp" time="0.002" classname="rahulshettyacademy.AppiumTest"/>
  <system-out/>
</testsuite> <!-- rahulshettyacademy.AppiumTest -->
