<?xml version="1.0" encoding="UTF-8"?>
<!-- Generated by org.testng.reporters.JUnitReportReporter -->
<testsuite skipped="0" hostname="DESKTOP-6AAMTQ7" name="rahulshettyacademy.SeleniumTest" tests="2" failures="0" timestamp="2022-01-18T23:59:00 IST" time="0.008" errors="0">
  <testcase name="BrowserAutomation" time="0.007" classname="rahulshettyacademy.SeleniumTest"/>
  <system-out/>
  <testcase name="elementUI" time="0.001" classname="rahulshettyacademy.SeleniumTest"/>
  <system-out/>
</testsuite> <!-- rahulshettyacademy.SeleniumTest -->
